TN:
SF:src/components/cli_input_component/cli-component.ts
FN:12,CliComponent
FN:16,start
FN:32,status
FN:35,stop
FNF:4
FNH:3
FNDA:1,CliComponent
FNDA:1,start
FNDA:0,status
FNDA:1,stop
DA:1,1
DA:2,1
DA:3,1
DA:4,1
DA:5,1
DA:6,1
DA:7,1
DA:8,1
DA:9,1
DA:10,1
DA:11,1
DA:12,1
DA:13,1
DA:14,1
DA:15,1
DA:16,1
DA:17,1
DA:18,1
DA:19,1
DA:20,1
DA:21,1
DA:22,1
DA:23,1
DA:24,0
DA:25,0
DA:26,0
DA:27,1
DA:28,1
DA:29,1
DA:30,1
DA:31,1
DA:32,1
DA:33,0
DA:34,1
DA:35,1
DA:36,1
DA:37,1
DA:38,1
DA:39,1
DA:40,1
DA:41,1
DA:42,1
LF:42
LH:38
BRDA:12,0,0,1
BRDA:16,1,0,1
BRDA:35,2,0,1
BRF:3
BRH:3
end_of_record
TN:
SF:src/components/http_server_component/http_server_component.ts
FN:18,HttpComponent
FN:22,start
FN:28,status
FN:34,stop
FN:42,startServer
FN:49,newApp
FN:59,newComponent
FN:64,startComponent
FN:67,stopComponent
FNF:9
FNH:8
FNDA:1,HttpComponent
FNDA:2,start
FNDA:0,status
FNDA:2,stop
FNDA:2,startServer
FNDA:2,newApp
FNDA:2,newComponent
FNDA:2,startComponent
FNDA:2,stopComponent
DA:1,1
DA:2,1
DA:3,1
DA:4,1
DA:5,1
DA:6,1
DA:7,1
DA:8,1
DA:9,1
DA:10,1
DA:11,1
DA:12,1
DA:13,1
DA:14,1
DA:15,1
DA:16,1
DA:17,1
DA:18,1
DA:19,1
DA:20,1
DA:21,1
DA:22,1
DA:23,2
DA:24,2
DA:25,2
DA:26,2
DA:27,1
DA:28,1
DA:29,0
DA:30,0
DA:31,0
DA:32,0
DA:33,1
DA:34,1
DA:35,2
DA:36,2
DA:37,2
DA:38,1
DA:39,1
DA:40,1
DA:41,1
DA:42,1
DA:43,2
DA:44,1
DA:45,2
DA:46,2
DA:47,1
DA:48,1
DA:49,1
DA:50,2
DA:51,2
DA:52,2
DA:53,1
DA:54,2
DA:55,2
DA:56,2
DA:57,2
DA:58,1
DA:59,1
DA:60,2
DA:61,2
DA:62,2
DA:63,2
DA:64,2
DA:65,2
DA:66,2
DA:67,2
DA:68,2
DA:69,2
DA:70,2
DA:71,2
DA:72,2
DA:73,2
LF:73
LH:69
BRDA:18,0,0,1
BRDA:22,1,0,2
BRDA:34,2,0,2
BRDA:42,3,0,2
BRDA:43,4,0,1
BRDA:49,5,0,2
BRDA:52,6,0,1
BRDA:59,7,0,2
BRDA:64,8,0,2
BRDA:67,9,0,2
BRF:10
BRH:10
end_of_record
TN:
SF:src/systems/system-map.ts
FN:21,startSystem
FN:28,stopSystem
FN:35,system
FN:38,start
FN:39,stop
FNF:5
FNH:5
FNDA:3,startSystem
FNDA:3,stopSystem
FNDA:2,system
FNDA:3,start
FNDA:3,stop
DA:1,1
DA:2,1
DA:3,1
DA:4,1
DA:5,1
DA:6,1
DA:7,1
DA:8,1
DA:9,1
DA:10,1
DA:11,1
DA:12,1
DA:13,1
DA:14,1
DA:15,1
DA:16,1
DA:17,1
DA:18,1
DA:19,1
DA:20,1
DA:21,1
DA:22,3
DA:23,3
DA:24,3
DA:25,3
DA:26,3
DA:27,1
DA:28,1
DA:29,3
DA:30,3
DA:31,3
DA:32,3
DA:33,3
DA:34,1
DA:35,1
DA:36,2
DA:37,2
DA:38,2
DA:39,2
DA:40,2
DA:41,2
LF:41
LH:41
BRDA:21,0,0,3
BRDA:23,1,0,3
BRDA:24,2,0,3
BRDA:28,3,0,3
BRDA:30,4,0,3
BRDA:31,5,0,3
BRDA:35,6,0,2
BRDA:38,7,0,3
BRDA:39,8,0,3
BRF:9
BRH:9
end_of_record
TN:
SF:src/systems/sample-http/sample-system.ts
FNF:0
FNH:0
DA:1,1
DA:2,1
DA:3,1
DA:4,1
DA:5,1
DA:6,1
DA:7,1
DA:8,1
DA:9,1
DA:10,1
DA:11,1
DA:12,1
DA:13,1
DA:14,1
LF:14
LH:14
BRF:0
BRH:0
end_of_record
TN:
SF:src/systems/system-cli/sample-system-cli.ts
FNF:0
FNH:0
DA:1,1
DA:2,1
DA:3,1
DA:4,1
DA:5,1
DA:6,1
DA:7,1
DA:8,1
DA:9,1
DA:10,1
DA:11,1
DA:12,1
DA:13,1
DA:14,1
LF:14
LH:14
BRF:0
BRH:0
end_of_record
