TN:
SF:../../src/components/http_server_component/http_server_component.ts
FN:18,HttpComponent
FN:22,start
FN:28,status
FN:34,stop
FN:42,startServer
FN:49,newApp
FN:59,newComponent
FN:64,startComponent
FN:67,stopComponent
FNF:9
FNH:8
FNDA:1,HttpComponent
FNDA:2,start
FNDA:0,status
FNDA:2,stop
FNDA:2,startServer
FNDA:2,newApp
FNDA:2,newComponent
FNDA:2,startComponent
FNDA:2,stopComponent
DA:1,1
DA:2,1
DA:3,1
DA:4,1
DA:5,1
DA:6,1
DA:7,1
DA:8,1
DA:9,1
DA:10,1
DA:11,1
DA:12,1
DA:13,1
DA:14,1
DA:15,1
DA:16,1
DA:17,1
DA:18,1
DA:19,1
DA:20,1
DA:21,1
DA:22,1
DA:23,2
DA:24,2
DA:25,2
DA:26,2
DA:27,1
DA:28,1
DA:29,0
DA:30,0
DA:31,0
DA:32,0
DA:33,1
DA:34,1
DA:35,2
DA:36,2
DA:37,2
DA:38,1
DA:39,1
DA:40,1
DA:41,1
DA:42,1
DA:43,2
DA:44,1
DA:45,2
DA:46,2
DA:47,1
DA:48,1
DA:49,1
DA:50,2
DA:51,2
DA:52,2
DA:53,1
DA:54,2
DA:55,2
DA:56,2
DA:57,2
DA:58,1
DA:59,1
DA:60,2
DA:61,2
DA:62,2
DA:63,2
DA:64,2
DA:65,2
DA:66,2
DA:67,2
DA:68,2
DA:69,2
DA:70,2
DA:71,2
DA:72,2
DA:73,2
LF:73
LH:69
BRDA:18,0,0,1
BRDA:22,1,0,2
BRDA:34,2,0,2
BRDA:42,3,0,2
BRDA:43,4,0,1
BRDA:49,5,0,2
BRDA:52,6,0,1
BRDA:59,7,0,2
BRDA:64,8,0,2
BRDA:67,9,0,2
BRF:10
BRH:10
end_of_record
TN:
SF:../../src/logics/string-logics.ts
FN:2,isAnagram
FNF:1
FNH:1
FNDA:2,isAnagram
DA:1,1
DA:2,2
DA:3,2
DA:4,2
DA:5,2
DA:6,1
DA:7,1
DA:8,1
DA:9,1
DA:10,1
DA:11,1
DA:12,1
DA:13,1
DA:14,1
DA:15,1
DA:16,1
DA:17,0
DA:18,0
DA:19,0
DA:20,0
DA:21,0
LF:21
LH:16
BRDA:2,0,0,2
BRDA:5,1,0,1
BRDA:17,2,0,0
BRF:3
BRH:2
end_of_record
TN:
SF:../../src/systems/system-logics.ts
FN:4,orderComponentsByLeastDependencies
FN:11,removeDuplicateComponents
FN:18,orderComponentsByDependencies
FNF:3
FNH:2
FNDA:0,orderComponentsByLeastDependencies
FNDA:1,removeDuplicateComponents
FNDA:1,orderComponentsByDependencies
DA:1,1
DA:2,1
DA:3,1
DA:4,0
DA:5,0
DA:6,0
DA:7,0
DA:8,0
DA:9,1
DA:10,1
DA:11,1
DA:12,1
DA:13,1
DA:14,1
DA:15,1
DA:16,1
DA:17,1
DA:18,1
DA:19,1
DA:20,1
DA:21,1
DA:22,1
LF:22
LH:17
BRDA:11,0,0,1
BRDA:13,1,0,2
BRDA:14,2,0,2
BRDA:18,3,0,1
BRDA:19,4,0,1
BRF:5
BRH:5
end_of_record
TN:
SF:../../src/systems/sample-http/sample-system.ts
FN:14,startSystem
FN:21,stopSystem
FN:28,dev
FNF:3
FNH:2
FNDA:2,startSystem
FNDA:2,stopSystem
FNDA:0,dev
DA:1,1
DA:2,1
DA:3,1
DA:4,1
DA:5,1
DA:6,1
DA:7,1
DA:8,1
DA:9,1
DA:10,1
DA:11,1
DA:12,1
DA:13,1
DA:14,1
DA:15,2
DA:16,2
DA:17,2
DA:18,2
DA:19,2
DA:20,1
DA:21,1
DA:22,2
DA:23,2
DA:24,2
DA:25,2
DA:26,2
DA:27,1
DA:28,1
DA:29,0
DA:30,0
LF:30
LH:28
BRDA:14,0,0,2
BRDA:16,1,0,2
BRDA:17,2,0,2
BRDA:21,3,0,2
BRDA:23,4,0,2
BRDA:24,5,0,2
BRF:6
BRH:6
end_of_record
